<?xml version="1.0" encoding="UTF-8"?>
<!-- Generated by org.testng.reporters.JUnitXMLReporter -->
<testsuite ignored="0" hostname="AIPLLAP423" failures="3" tests="21" name="Check Add To Cart Items" time="271.068" errors="0" timestamp="2024-08-13T14:27:50 IST">
  <testcase classname="ecomm.TestCases.CheckOutTest" name="@BeforeMethod setup" time="20.516">
    <failure type="org.openqa.selenium.ElementClickInterceptedException" message="element click intercepted: Element &amp;lt;button class=&amp;quot;btn btn--tall full-width--mobile&amp;quot;&amp;gt;...&amp;lt;/button&amp;gt; is not clickable at point (448, 521). Other element would receive the click: &amp;lt;div class=&amp;quot;pd-cookie-banner-window cc-window cc-banner cc-type-opt-both cc-theme-wired cc-bottom cc-color-override-186450242 &amp;quot;&amp;gt;...&amp;lt;/div&amp;gt;
  (Session info: chrome=127.0.6533.100)
Build info: version: &amp;apos;4.15.0&amp;apos;, revision: &amp;apos;1d14b5521b&amp;apos;
System info: os.name: &amp;apos;Windows 10&amp;apos;, os.arch: &amp;apos;amd64&amp;apos;, os.version: &amp;apos;10.0&amp;apos;, java.version: &amp;apos;17.0.3&amp;apos;
Driver info: org.openqa.selenium.chrome.ChromeDriver
Command: [d71f8dd0e0628e575018107fe1717fa0, clickElement {id=f.E5496A8BE81499D7EFED20648106FADB.d.72BEADFEA8D3EDFEEDD2AC34634F4966.e.101}]
Capabilities {acceptInsecureCerts: false, browserName: chrome, browserVersion: 127.0.6533.100, chrome: {chromedriverVersion: 127.0.6533.99 (f31af5097d90..., userDataDir: C:\Users\BHAUMI~1.GOH\AppDa...}, fedcm:accounts: true, goog:chromeOptions: {debuggerAddress: localhost:52464}, networkConnectionEnabled: false, pageLoadStrategy: normal, platformName: windows, proxy: Proxy(), se:cdp: ws://localhost:52464/devtoo..., se:cdpVersion: 127.0.6533.100, setWindowRect: true, strictFileInteractability: false, timeouts: {implicit: 0, pageLoad: 300000, script: 30000}, unhandledPromptBehavior: dismiss and notify, webauthn:extension:credBlob: true, webauthn:extension:largeBlob: true, webauthn:extension:minPinLength: true, webauthn:extension:prf: true, webauthn:virtualAuthenticators: true}
Element: [[ChromeDriver: chrome on windows (d71f8dd0e0628e575018107fe1717fa0)] -&amp;gt; xpath: //button[contains(text(),&amp;apos;Login&amp;apos;)]]
Session ID: d71f8dd0e0628e575018107fe1717fa0">
      <![CDATA[org.openqa.selenium.ElementClickInterceptedException: element click intercepted: Element <button class="btn btn--tall full-width--mobile">...</button> is not clickable at point (448, 521). Other element would receive the click: <div class="pd-cookie-banner-window cc-window cc-banner cc-type-opt-both cc-theme-wired cc-bottom cc-color-override-186450242 ">...</div>
  (Session info: chrome=127.0.6533.100)
Build info: version: '4.15.0', revision: '1d14b5521b'
System info: os.name: 'Windows 10', os.arch: 'amd64', os.version: '10.0', java.version: '17.0.3'
Driver info: org.openqa.selenium.chrome.ChromeDriver
Command: [d71f8dd0e0628e575018107fe1717fa0, clickElement {id=f.E5496A8BE81499D7EFED20648106FADB.d.72BEADFEA8D3EDFEEDD2AC34634F4966.e.101}]
Capabilities {acceptInsecureCerts: false, browserName: chrome, browserVersion: 127.0.6533.100, chrome: {chromedriverVersion: 127.0.6533.99 (f31af5097d90..., userDataDir: C:\Users\BHAUMI~1.GOH\AppDa...}, fedcm:accounts: true, goog:chromeOptions: {debuggerAddress: localhost:52464}, networkConnectionEnabled: false, pageLoadStrategy: normal, platformName: windows, proxy: Proxy(), se:cdp: ws://localhost:52464/devtoo..., se:cdpVersion: 127.0.6533.100, setWindowRect: true, strictFileInteractability: false, timeouts: {implicit: 0, pageLoad: 300000, script: 30000}, unhandledPromptBehavior: dismiss and notify, webauthn:extension:credBlob: true, webauthn:extension:largeBlob: true, webauthn:extension:minPinLength: true, webauthn:extension:prf: true, webauthn:virtualAuthenticators: true}
Element: [[ChromeDriver: chrome on windows (d71f8dd0e0628e575018107fe1717fa0)] -> xpath: //button[contains(text(),'Login')]]
Session ID: d71f8dd0e0628e575018107fe1717fa0
at org.openqa.selenium.remote.codec.w3c.W3CHttpResponseCodec.createException(W3CHttpResponseCodec.java:200)
at org.openqa.selenium.remote.codec.w3c.W3CHttpResponseCodec.decode(W3CHttpResponseCodec.java:133)
at org.openqa.selenium.remote.codec.w3c.W3CHttpResponseCodec.decode(W3CHttpResponseCodec.java:52)
at org.openqa.selenium.remote.HttpCommandExecutor.execute(HttpCommandExecutor.java:191)
at org.openqa.selenium.remote.service.DriverCommandExecutor.invokeExecute(DriverCommandExecutor.java:200)
at org.openqa.selenium.remote.service.DriverCommandExecutor.execute(DriverCommandExecutor.java:175)
at org.openqa.selenium.remote.RemoteWebDriver.execute(RemoteWebDriver.java:607)
at org.openqa.selenium.remote.RemoteWebElement.execute(RemoteWebElement.java:224)
at org.openqa.selenium.remote.RemoteWebElement.click(RemoteWebElement.java:77)
at org.openqa.selenium.support.pagefactory.internal.LocatingElementHandler.invoke(LocatingElementHandler.java:51)
at jdk.proxy2/jdk.proxy2.$Proxy15.click(Unknown Source)
at ecomm.Pages.LoginPage.Validate_loginfunctionality(LoginPage.java:81)
at ecomm.TestCases.CheckOutTest.setup(CheckOutTest.java:39)
at java.base/java.util.ArrayList.forEach(ArrayList.java:1511)
at java.base/java.util.concurrent.FutureTask.run(FutureTask.java:264)
at java.base/java.util.concurrent.ThreadPoolExecutor.runWorker(ThreadPoolExecutor.java:1136)
at java.base/java.util.concurrent.ThreadPoolExecutor$Worker.run(ThreadPoolExecutor.java:635)
at java.base/java.lang.Thread.run(Thread.java:833)
... Removed 31 stack frames]]>
    </failure>
  </testcase> <!-- @BeforeMethod setup -->
  <testcase classname="ecomm.TestCases.CheckOutTest" name="@AfterMethod terminate" time="-1.723539220912E9">
    <skipped/>
  </testcase> <!-- @AfterMethod terminate -->
  <testcase classname="ecomm.TestCases.AccountPageTest" name="@BeforeMethod setup" time="14.212">
    <failure type="org.openqa.selenium.ElementClickInterceptedException" message="element click intercepted: Element &amp;lt;button class=&amp;quot;btn btn--tall full-width--mobile&amp;quot;&amp;gt;...&amp;lt;/button&amp;gt; is not clickable at point (448, 521). Other element would receive the click: &amp;lt;div class=&amp;quot;pd-cookie-banner-window cc-window cc-banner cc-type-opt-both cc-theme-wired cc-bottom cc-color-override-186450242 &amp;quot;&amp;gt;...&amp;lt;/div&amp;gt;
  (Session info: chrome=127.0.6533.100)
Build info: version: &amp;apos;4.15.0&amp;apos;, revision: &amp;apos;1d14b5521b&amp;apos;
System info: os.name: &amp;apos;Windows 10&amp;apos;, os.arch: &amp;apos;amd64&amp;apos;, os.version: &amp;apos;10.0&amp;apos;, java.version: &amp;apos;17.0.3&amp;apos;
Driver info: org.openqa.selenium.chrome.ChromeDriver
Command: [4630fcfa53c9c63e544b91e0f597de33, clickElement {id=f.974CF8B4A44D03CF636A7AEFD5F1706F.d.95615D1891C377720936FD40CFCF85D3.e.105}]
Capabilities {acceptInsecureCerts: false, browserName: chrome, browserVersion: 127.0.6533.100, chrome: {chromedriverVersion: 127.0.6533.99 (f31af5097d90..., userDataDir: C:\Users\BHAUMI~1.GOH\AppDa...}, fedcm:accounts: true, goog:chromeOptions: {debuggerAddress: localhost:52806}, networkConnectionEnabled: false, pageLoadStrategy: normal, platformName: windows, proxy: Proxy(), se:cdp: ws://localhost:52806/devtoo..., se:cdpVersion: 127.0.6533.100, setWindowRect: true, strictFileInteractability: false, timeouts: {implicit: 0, pageLoad: 300000, script: 30000}, unhandledPromptBehavior: dismiss and notify, webauthn:extension:credBlob: true, webauthn:extension:largeBlob: true, webauthn:extension:minPinLength: true, webauthn:extension:prf: true, webauthn:virtualAuthenticators: true}
Element: [[ChromeDriver: chrome on windows (4630fcfa53c9c63e544b91e0f597de33)] -&amp;gt; xpath: //button[contains(text(),&amp;apos;Login&amp;apos;)]]
Session ID: 4630fcfa53c9c63e544b91e0f597de33">
      <![CDATA[org.openqa.selenium.ElementClickInterceptedException: element click intercepted: Element <button class="btn btn--tall full-width--mobile">...</button> is not clickable at point (448, 521). Other element would receive the click: <div class="pd-cookie-banner-window cc-window cc-banner cc-type-opt-both cc-theme-wired cc-bottom cc-color-override-186450242 ">...</div>
  (Session info: chrome=127.0.6533.100)
Build info: version: '4.15.0', revision: '1d14b5521b'
System info: os.name: 'Windows 10', os.arch: 'amd64', os.version: '10.0', java.version: '17.0.3'
Driver info: org.openqa.selenium.chrome.ChromeDriver
Command: [4630fcfa53c9c63e544b91e0f597de33, clickElement {id=f.974CF8B4A44D03CF636A7AEFD5F1706F.d.95615D1891C377720936FD40CFCF85D3.e.105}]
Capabilities {acceptInsecureCerts: false, browserName: chrome, browserVersion: 127.0.6533.100, chrome: {chromedriverVersion: 127.0.6533.99 (f31af5097d90..., userDataDir: C:\Users\BHAUMI~1.GOH\AppDa...}, fedcm:accounts: true, goog:chromeOptions: {debuggerAddress: localhost:52806}, networkConnectionEnabled: false, pageLoadStrategy: normal, platformName: windows, proxy: Proxy(), se:cdp: ws://localhost:52806/devtoo..., se:cdpVersion: 127.0.6533.100, setWindowRect: true, strictFileInteractability: false, timeouts: {implicit: 0, pageLoad: 300000, script: 30000}, unhandledPromptBehavior: dismiss and notify, webauthn:extension:credBlob: true, webauthn:extension:largeBlob: true, webauthn:extension:minPinLength: true, webauthn:extension:prf: true, webauthn:virtualAuthenticators: true}
Element: [[ChromeDriver: chrome on windows (4630fcfa53c9c63e544b91e0f597de33)] -> xpath: //button[contains(text(),'Login')]]
Session ID: 4630fcfa53c9c63e544b91e0f597de33
at org.openqa.selenium.remote.codec.w3c.W3CHttpResponseCodec.createException(W3CHttpResponseCodec.java:200)
at org.openqa.selenium.remote.codec.w3c.W3CHttpResponseCodec.decode(W3CHttpResponseCodec.java:133)
at org.openqa.selenium.remote.codec.w3c.W3CHttpResponseCodec.decode(W3CHttpResponseCodec.java:52)
at org.openqa.selenium.remote.HttpCommandExecutor.execute(HttpCommandExecutor.java:191)
at org.openqa.selenium.remote.service.DriverCommandExecutor.invokeExecute(DriverCommandExecutor.java:200)
at org.openqa.selenium.remote.service.DriverCommandExecutor.execute(DriverCommandExecutor.java:175)
at org.openqa.selenium.remote.RemoteWebDriver.execute(RemoteWebDriver.java:607)
at org.openqa.selenium.remote.RemoteWebElement.execute(RemoteWebElement.java:224)
at org.openqa.selenium.remote.RemoteWebElement.click(RemoteWebElement.java:77)
at org.openqa.selenium.support.pagefactory.internal.LocatingElementHandler.invoke(LocatingElementHandler.java:51)
at jdk.proxy2/jdk.proxy2.$Proxy15.click(Unknown Source)
at ecomm.Pages.LoginPage.Validate_loginfunctionality(LoginPage.java:81)
at ecomm.TestCases.AccountPageTest.setup(AccountPageTest.java:30)
at java.base/java.util.ArrayList.forEach(ArrayList.java:1511)
at java.base/java.util.concurrent.FutureTask.run(FutureTask.java:264)
at java.base/java.util.concurrent.ThreadPoolExecutor.runWorker(ThreadPoolExecutor.java:1136)
at java.base/java.util.concurrent.ThreadPoolExecutor$Worker.run(ThreadPoolExecutor.java:635)
at java.base/java.lang.Thread.run(Thread.java:833)
... Removed 31 stack frames]]>
    </failure>
  </testcase> <!-- @BeforeMethod setup -->
  <testcase classname="ecomm.TestCases.AccountPageTest" name="@AfterMethod terminate" time="-1.723539265426E9">
    <skipped/>
  </testcase> <!-- @AfterMethod terminate -->
  <testcase classname="ecomm.TestCases.ProductDetailPageTest" name="@BeforeMethod setup" time="19.907">
    <failure type="org.openqa.selenium.ElementClickInterceptedException" message="element click intercepted: Element &amp;lt;button class=&amp;quot;btn btn--tall full-width--mobile&amp;quot;&amp;gt;...&amp;lt;/button&amp;gt; is not clickable at point (448, 521). Other element would receive the click: &amp;lt;div class=&amp;quot;pd-cookie-banner-window cc-window cc-banner cc-type-opt-both cc-theme-wired cc-bottom cc-color-override-186450242 &amp;quot;&amp;gt;...&amp;lt;/div&amp;gt;
  (Session info: chrome=127.0.6533.100)
Build info: version: &amp;apos;4.15.0&amp;apos;, revision: &amp;apos;1d14b5521b&amp;apos;
System info: os.name: &amp;apos;Windows 10&amp;apos;, os.arch: &amp;apos;amd64&amp;apos;, os.version: &amp;apos;10.0&amp;apos;, java.version: &amp;apos;17.0.3&amp;apos;
Driver info: org.openqa.selenium.chrome.ChromeDriver
Command: [dbaf9f02be4a667a1f750d3fa6d72743, clickElement {id=f.624FAE79D22545371DDF5A1F8E90F1B0.d.BC9CAF111663C676064352064662EFAD.e.100}]
Capabilities {acceptInsecureCerts: false, browserName: chrome, browserVersion: 127.0.6533.100, chrome: {chromedriverVersion: 127.0.6533.99 (f31af5097d90..., userDataDir: C:\Users\BHAUMI~1.GOH\AppDa...}, fedcm:accounts: true, goog:chromeOptions: {debuggerAddress: localhost:53044}, networkConnectionEnabled: false, pageLoadStrategy: normal, platformName: windows, proxy: Proxy(), se:cdp: ws://localhost:53044/devtoo..., se:cdpVersion: 127.0.6533.100, setWindowRect: true, strictFileInteractability: false, timeouts: {implicit: 0, pageLoad: 300000, script: 30000}, unhandledPromptBehavior: dismiss and notify, webauthn:extension:credBlob: true, webauthn:extension:largeBlob: true, webauthn:extension:minPinLength: true, webauthn:extension:prf: true, webauthn:virtualAuthenticators: true}
Element: [[ChromeDriver: chrome on windows (dbaf9f02be4a667a1f750d3fa6d72743)] -&amp;gt; xpath: //button[contains(text(),&amp;apos;Login&amp;apos;)]]
Session ID: dbaf9f02be4a667a1f750d3fa6d72743">
      <![CDATA[org.openqa.selenium.ElementClickInterceptedException: element click intercepted: Element <button class="btn btn--tall full-width--mobile">...</button> is not clickable at point (448, 521). Other element would receive the click: <div class="pd-cookie-banner-window cc-window cc-banner cc-type-opt-both cc-theme-wired cc-bottom cc-color-override-186450242 ">...</div>
  (Session info: chrome=127.0.6533.100)
Build info: version: '4.15.0', revision: '1d14b5521b'
System info: os.name: 'Windows 10', os.arch: 'amd64', os.version: '10.0', java.version: '17.0.3'
Driver info: org.openqa.selenium.chrome.ChromeDriver
Command: [dbaf9f02be4a667a1f750d3fa6d72743, clickElement {id=f.624FAE79D22545371DDF5A1F8E90F1B0.d.BC9CAF111663C676064352064662EFAD.e.100}]
Capabilities {acceptInsecureCerts: false, browserName: chrome, browserVersion: 127.0.6533.100, chrome: {chromedriverVersion: 127.0.6533.99 (f31af5097d90..., userDataDir: C:\Users\BHAUMI~1.GOH\AppDa...}, fedcm:accounts: true, goog:chromeOptions: {debuggerAddress: localhost:53044}, networkConnectionEnabled: false, pageLoadStrategy: normal, platformName: windows, proxy: Proxy(), se:cdp: ws://localhost:53044/devtoo..., se:cdpVersion: 127.0.6533.100, setWindowRect: true, strictFileInteractability: false, timeouts: {implicit: 0, pageLoad: 300000, script: 30000}, unhandledPromptBehavior: dismiss and notify, webauthn:extension:credBlob: true, webauthn:extension:largeBlob: true, webauthn:extension:minPinLength: true, webauthn:extension:prf: true, webauthn:virtualAuthenticators: true}
Element: [[ChromeDriver: chrome on windows (dbaf9f02be4a667a1f750d3fa6d72743)] -> xpath: //button[contains(text(),'Login')]]
Session ID: dbaf9f02be4a667a1f750d3fa6d72743
at org.openqa.selenium.remote.codec.w3c.W3CHttpResponseCodec.createException(W3CHttpResponseCodec.java:200)
at org.openqa.selenium.remote.codec.w3c.W3CHttpResponseCodec.decode(W3CHttpResponseCodec.java:133)
at org.openqa.selenium.remote.codec.w3c.W3CHttpResponseCodec.decode(W3CHttpResponseCodec.java:52)
at org.openqa.selenium.remote.HttpCommandExecutor.execute(HttpCommandExecutor.java:191)
at org.openqa.selenium.remote.service.DriverCommandExecutor.invokeExecute(DriverCommandExecutor.java:200)
at org.openqa.selenium.remote.service.DriverCommandExecutor.execute(DriverCommandExecutor.java:175)
at org.openqa.selenium.remote.RemoteWebDriver.execute(RemoteWebDriver.java:607)
at org.openqa.selenium.remote.RemoteWebElement.execute(RemoteWebElement.java:224)
at org.openqa.selenium.remote.RemoteWebElement.click(RemoteWebElement.java:77)
at org.openqa.selenium.support.pagefactory.internal.LocatingElementHandler.invoke(LocatingElementHandler.java:51)
at jdk.proxy2/jdk.proxy2.$Proxy15.click(Unknown Source)
at ecomm.Pages.LoginPage.Validate_loginfunctionality(LoginPage.java:81)
at ecomm.TestCases.ProductDetailPageTest.setup(ProductDetailPageTest.java:34)
at java.base/java.util.ArrayList.forEach(ArrayList.java:1511)
at java.base/java.util.concurrent.FutureTask.run(FutureTask.java:264)
at java.base/java.util.concurrent.ThreadPoolExecutor.runWorker(ThreadPoolExecutor.java:1136)
at java.base/java.util.concurrent.ThreadPoolExecutor$Worker.run(ThreadPoolExecutor.java:635)
at java.base/java.lang.Thread.run(Thread.java:833)
... Removed 31 stack frames]]>
    </failure>
  </testcase> <!-- @BeforeMethod setup -->
  <testcase classname="ecomm.TestCases.ProductDetailPageTest" name="@AfterMethod Terminate" time="-1.723539318675E9">
    <skipped/>
  </testcase> <!-- @AfterMethod Terminate -->
  <testcase classname="ecomm.TestCases.CheckOutTest" name="@BeforeMethod setup" time="-1.723539318679E9">
    <skipped/>
  </testcase> <!-- @BeforeMethod setup -->
  <testcase classname="ecomm.TestCases.CheckOutTest" name="@AfterMethod terminate" time="-1.723539318699E9">
    <skipped/>
  </testcase> <!-- @AfterMethod terminate -->
  <testcase classname="ecomm.TestCases.AccountPageTest" name="@BeforeMethod setup" time="-1.72353931871E9">
    <skipped/>
  </testcase> <!-- @BeforeMethod setup -->
  <testcase classname="ecomm.TestCases.AccountPageTest" name="@AfterMethod terminate" time="-1.723539318735E9">
    <skipped/>
  </testcase> <!-- @AfterMethod terminate -->
  <testcase classname="ecomm.TestCases.ProductDetailPageTest" name="@BeforeMethod setup" time="-1.723539361222E9">
    <skipped/>
  </testcase> <!-- @BeforeMethod setup -->
  <testcase classname="ecomm.TestCases.ProductDetailPageTest" name="@AfterMethod Terminate" time="-1.723539361232E9">
    <skipped/>
  </testcase> <!-- @AfterMethod Terminate -->
  <testcase classname="ecomm.TestCases.ProductDetailPageTest" name="@BeforeMethod setup" time="-1.723539394165E9">
    <skipped/>
  </testcase> <!-- @BeforeMethod setup -->
  <testcase classname="ecomm.TestCases.ProductDetailPageTest" name="@AfterMethod Terminate" time="-1.723539394173E9">
    <skipped/>
  </testcase> <!-- @AfterMethod Terminate -->
  <testcase classname="ecomm.TestCases.CheckOutTest" name="@BeforeMethod setup" time="-1.723539394205E9">
    <skipped/>
  </testcase> <!-- @BeforeMethod setup -->
  <testcase classname="ecomm.TestCases.CheckOutTest" name="@AfterMethod terminate" time="-1.723539394216E9">
    <skipped/>
  </testcase> <!-- @AfterMethod terminate -->
  <testcase classname="ecomm.TestCases.CheckOutTest" name="@BeforeMethod setup" time="-1.72353939422E9">
    <skipped/>
  </testcase> <!-- @BeforeMethod setup -->
  <testcase classname="ecomm.TestCases.CheckOutTest" name="@AfterMethod terminate" time="-1.723539394226E9">
    <skipped/>
  </testcase> <!-- @AfterMethod terminate -->
  <testcase classname="ecomm.TestCases.CheckOutTest" name="@BeforeMethod setup" time="-1.723539394228E9">
    <skipped/>
  </testcase> <!-- @BeforeMethod setup -->
  <testcase classname="ecomm.TestCases.CheckOutTest" name="@AfterMethod terminate" time="-1.723539394236E9">
    <skipped/>
  </testcase> <!-- @AfterMethod terminate -->
  <testcase classname="ecomm.TestCases.CheckOutTest" name="Check_Check_Out_Page_Title_Test" time="0.0">
    <skipped/>
  </testcase> <!-- Check_Check_Out_Page_Title_Test -->
  <testcase classname="ecomm.TestCases.HomePageTest" name="Verify_HomepageTitle" time="0.055"/>
  <testcase classname="ecomm.TestCases.LoginTest" name="Verify_Title" time="0.384"/>
  <testcase classname="ecomm.TestCases.AccountPageTest" name="Verify_Title" time="0.0">
    <skipped/>
  </testcase> <!-- Verify_Title -->
  <testcase classname="ecomm.TestCases.SalePageTest" name="Verify_Title" time="0.091">
    <failure type="java.lang.AssertionError" message="expected [Account] but found [Sale]">
      <![CDATA[java.lang.AssertionError: expected [Account] but found [Sale]
at ecomm.TestCases.SalePageTest.Verify_Title(SalePageTest.java:40)
at java.base/java.util.ArrayList.forEach(ArrayList.java:1511)
at java.base/java.util.concurrent.FutureTask.run(FutureTask.java:264)
at java.base/java.util.concurrent.ThreadPoolExecutor.runWorker(ThreadPoolExecutor.java:1136)
at java.base/java.util.concurrent.ThreadPoolExecutor$Worker.run(ThreadPoolExecutor.java:635)
at java.base/java.lang.Thread.run(Thread.java:833)
... Removed 24 stack frames]]>
    </failure>
  </testcase> <!-- Verify_Title -->
  <testcase classname="ecomm.TestCases.ProductDetailPageTest" name="Verify_Title" time="0.0">
    <skipped/>
  </testcase> <!-- Verify_Title -->
  <testcase classname="ecomm.TestCases.CheckOutTest" name="CheckOutRequiredFieldValidationTest" time="0.0">
    <skipped/>
  </testcase> <!-- CheckOutRequiredFieldValidationTest -->
  <testcase classname="ecomm.TestCases.AccountPageTest" name="Click_on_Sale_Link" time="0.0">
    <skipped/>
  </testcase> <!-- Click_on_Sale_Link -->
  <testcase classname="ecomm.TestCases.SalePageTest" name="Click_on_Sale_Link" time="6.351"/>
  <testcase classname="ecomm.TestCases.ProductDetailPageTest" name="Verify_Cart_Functionality" time="0.0">
    <skipped/>
  </testcase> <!-- Verify_Cart_Functionality -->
  <testcase classname="ecomm.TestCases.HomePageTest" name="Verify_HomepageLogo" time="0.412"/>
  <testcase classname="ecomm.TestCases.LoginTest" name="login" time="7.867">
    <failure type="org.openqa.selenium.ElementClickInterceptedException" message="element click intercepted: Element &amp;lt;button class=&amp;quot;btn btn--tall full-width--mobile&amp;quot;&amp;gt;...&amp;lt;/button&amp;gt; is not clickable at point (448, 521). Other element would receive the click: &amp;lt;div class=&amp;quot;pd-cookie-banner-window cc-window cc-banner cc-type-opt-both cc-theme-wired cc-bottom cc-color-override-186450242 &amp;quot;&amp;gt;...&amp;lt;/div&amp;gt;
  (Session info: chrome=127.0.6533.100)
Build info: version: &amp;apos;4.15.0&amp;apos;, revision: &amp;apos;1d14b5521b&amp;apos;
System info: os.name: &amp;apos;Windows 10&amp;apos;, os.arch: &amp;apos;amd64&amp;apos;, os.version: &amp;apos;10.0&amp;apos;, java.version: &amp;apos;17.0.3&amp;apos;
Driver info: org.openqa.selenium.chrome.ChromeDriver
Command: [b6be5808b4af71ee781adb83a21c51f7, clickElement {id=f.F36C7855609E2CC6517273B96A18BCFE.d.7D9D04150BBA9817653BBDF091567732.e.104}]
Capabilities {acceptInsecureCerts: false, browserName: chrome, browserVersion: 127.0.6533.100, chrome: {chromedriverVersion: 127.0.6533.99 (f31af5097d90..., userDataDir: C:\Users\BHAUMI~1.GOH\AppDa...}, fedcm:accounts: true, goog:chromeOptions: {debuggerAddress: localhost:53434}, networkConnectionEnabled: false, pageLoadStrategy: normal, platformName: windows, proxy: Proxy(), se:cdp: ws://localhost:53434/devtoo..., se:cdpVersion: 127.0.6533.100, setWindowRect: true, strictFileInteractability: false, timeouts: {implicit: 0, pageLoad: 300000, script: 30000}, unhandledPromptBehavior: dismiss and notify, webauthn:extension:credBlob: true, webauthn:extension:largeBlob: true, webauthn:extension:minPinLength: true, webauthn:extension:prf: true, webauthn:virtualAuthenticators: true}
Element: [[ChromeDriver: chrome on windows (b6be5808b4af71ee781adb83a21c51f7)] -&amp;gt; xpath: //button[contains(text(),&amp;apos;Login&amp;apos;)]]
Session ID: b6be5808b4af71ee781adb83a21c51f7">
      <![CDATA[org.openqa.selenium.ElementClickInterceptedException: element click intercepted: Element <button class="btn btn--tall full-width--mobile">...</button> is not clickable at point (448, 521). Other element would receive the click: <div class="pd-cookie-banner-window cc-window cc-banner cc-type-opt-both cc-theme-wired cc-bottom cc-color-override-186450242 ">...</div>
  (Session info: chrome=127.0.6533.100)
Build info: version: '4.15.0', revision: '1d14b5521b'
System info: os.name: 'Windows 10', os.arch: 'amd64', os.version: '10.0', java.version: '17.0.3'
Driver info: org.openqa.selenium.chrome.ChromeDriver
Command: [b6be5808b4af71ee781adb83a21c51f7, clickElement {id=f.F36C7855609E2CC6517273B96A18BCFE.d.7D9D04150BBA9817653BBDF091567732.e.104}]
Capabilities {acceptInsecureCerts: false, browserName: chrome, browserVersion: 127.0.6533.100, chrome: {chromedriverVersion: 127.0.6533.99 (f31af5097d90..., userDataDir: C:\Users\BHAUMI~1.GOH\AppDa...}, fedcm:accounts: true, goog:chromeOptions: {debuggerAddress: localhost:53434}, networkConnectionEnabled: false, pageLoadStrategy: normal, platformName: windows, proxy: Proxy(), se:cdp: ws://localhost:53434/devtoo..., se:cdpVersion: 127.0.6533.100, setWindowRect: true, strictFileInteractability: false, timeouts: {implicit: 0, pageLoad: 300000, script: 30000}, unhandledPromptBehavior: dismiss and notify, webauthn:extension:credBlob: true, webauthn:extension:largeBlob: true, webauthn:extension:minPinLength: true, webauthn:extension:prf: true, webauthn:virtualAuthenticators: true}
Element: [[ChromeDriver: chrome on windows (b6be5808b4af71ee781adb83a21c51f7)] -> xpath: //button[contains(text(),'Login')]]
Session ID: b6be5808b4af71ee781adb83a21c51f7
at org.openqa.selenium.remote.codec.w3c.W3CHttpResponseCodec.createException(W3CHttpResponseCodec.java:200)
at org.openqa.selenium.remote.codec.w3c.W3CHttpResponseCodec.decode(W3CHttpResponseCodec.java:133)
at org.openqa.selenium.remote.codec.w3c.W3CHttpResponseCodec.decode(W3CHttpResponseCodec.java:52)
at org.openqa.selenium.remote.HttpCommandExecutor.execute(HttpCommandExecutor.java:191)
at org.openqa.selenium.remote.service.DriverCommandExecutor.invokeExecute(DriverCommandExecutor.java:200)
at org.openqa.selenium.remote.service.DriverCommandExecutor.execute(DriverCommandExecutor.java:175)
at org.openqa.selenium.remote.RemoteWebDriver.execute(RemoteWebDriver.java:607)
at org.openqa.selenium.remote.RemoteWebElement.execute(RemoteWebElement.java:224)
at org.openqa.selenium.remote.RemoteWebElement.click(RemoteWebElement.java:77)
at org.openqa.selenium.support.pagefactory.internal.LocatingElementHandler.invoke(LocatingElementHandler.java:51)
at jdk.proxy2/jdk.proxy2.$Proxy15.click(Unknown Source)
at ecomm.Pages.LoginPage.Validate_loginfunctionality(LoginPage.java:81)
at ecomm.TestCases.LoginTest.login(LoginTest.java:43)
at java.base/java.util.ArrayList.forEach(ArrayList.java:1511)
at java.base/java.util.concurrent.FutureTask.run(FutureTask.java:264)
at java.base/java.util.concurrent.ThreadPoolExecutor.runWorker(ThreadPoolExecutor.java:1136)
at java.base/java.util.concurrent.ThreadPoolExecutor$Worker.run(ThreadPoolExecutor.java:635)
at java.base/java.lang.Thread.run(Thread.java:833)
... Removed 26 stack frames]]>
    </failure>
  </testcase> <!-- login -->
  <testcase classname="ecomm.TestCases.ProductDetailPageTest" name="Click_on_Addtobag_Button" time="0.0">
    <skipped/>
  </testcase> <!-- Click_on_Addtobag_Button -->
  <testcase classname="ecomm.TestCases.CheckOutTest" name="VerifyCheckOutFunctionalitywithNagativeValueTest" time="0.0">
    <skipped/>
  </testcase> <!-- VerifyCheckOutFunctionalitywithNagativeValueTest -->
  <testcase classname="ecomm.TestCases.CheckOutTest" name="VerifyCheckOutFunctionalitywithNagativeValueTest" time="0.0">
    <skipped/>
  </testcase> <!-- VerifyCheckOutFunctionalitywithNagativeValueTest -->
  <testcase classname="ecomm.TestCases.CheckOutTest" name="VerifyCheckOutFunctionalitywithNagativeValueTest" time="0.0">
    <skipped/>
  </testcase> <!-- VerifyCheckOutFunctionalitywithNagativeValueTest -->
  <testcase classname="ecomm.TestCases.HomePageTest" name="Verify_HomepageHeader" time="0.104"/>
  <testcase classname="ecomm.TestCases.LoginTest" name="Verify_ProductList" time="0.001"/>
  <testcase classname="ecomm.TestCases.HomePageTest" name="Verify_HomepageFooter" time="20.083">
    <failure type="org.openqa.selenium.NoSuchElementException" message="no such element: Unable to locate element: {&amp;quot;method&amp;quot;:&amp;quot;xpath&amp;quot;,&amp;quot;selector&amp;quot;:&amp;quot;//div[@class=&amp;apos;footer-top&amp;apos;]&amp;quot;}
  (Session info: chrome=127.0.6533.100)
For documentation on this error, please visit: https://www.selenium.dev/documentation/webdriver/troubleshooting/errors#no-such-element-exception
Build info: version: &amp;apos;4.15.0&amp;apos;, revision: &amp;apos;1d14b5521b&amp;apos;
System info: os.name: &amp;apos;Windows 10&amp;apos;, os.arch: &amp;apos;amd64&amp;apos;, os.version: &amp;apos;10.0&amp;apos;, java.version: &amp;apos;17.0.3&amp;apos;
Driver info: org.openqa.selenium.chrome.ChromeDriver
Command: [9b4a7c0647ebc6817237868e43256832, findElement {using=xpath, value=//div[@class=&amp;apos;footer-top&amp;apos;]}]
Capabilities {acceptInsecureCerts: false, browserName: chrome, browserVersion: 127.0.6533.100, chrome: {chromedriverVersion: 127.0.6533.99 (f31af5097d90..., userDataDir: C:\Users\BHAUMI~1.GOH\AppDa...}, fedcm:accounts: true, goog:chromeOptions: {debuggerAddress: localhost:53788}, networkConnectionEnabled: false, pageLoadStrategy: normal, platformName: windows, proxy: Proxy(), se:cdp: ws://localhost:53788/devtoo..., se:cdpVersion: 127.0.6533.100, setWindowRect: true, strictFileInteractability: false, timeouts: {implicit: 0, pageLoad: 300000, script: 30000}, unhandledPromptBehavior: dismiss and notify, webauthn:extension:credBlob: true, webauthn:extension:largeBlob: true, webauthn:extension:minPinLength: true, webauthn:extension:prf: true, webauthn:virtualAuthenticators: true}
Session ID: 9b4a7c0647ebc6817237868e43256832">
      <![CDATA[org.openqa.selenium.NoSuchElementException: no such element: Unable to locate element: {"method":"xpath","selector":"//div[@class='footer-top']"}
  (Session info: chrome=127.0.6533.100)
For documentation on this error, please visit: https://www.selenium.dev/documentation/webdriver/troubleshooting/errors#no-such-element-exception
Build info: version: '4.15.0', revision: '1d14b5521b'
System info: os.name: 'Windows 10', os.arch: 'amd64', os.version: '10.0', java.version: '17.0.3'
Driver info: org.openqa.selenium.chrome.ChromeDriver
Command: [9b4a7c0647ebc6817237868e43256832, findElement {using=xpath, value=//div[@class='footer-top']}]
Capabilities {acceptInsecureCerts: false, browserName: chrome, browserVersion: 127.0.6533.100, chrome: {chromedriverVersion: 127.0.6533.99 (f31af5097d90..., userDataDir: C:\Users\BHAUMI~1.GOH\AppDa...}, fedcm:accounts: true, goog:chromeOptions: {debuggerAddress: localhost:53788}, networkConnectionEnabled: false, pageLoadStrategy: normal, platformName: windows, proxy: Proxy(), se:cdp: ws://localhost:53788/devtoo..., se:cdpVersion: 127.0.6533.100, setWindowRect: true, strictFileInteractability: false, timeouts: {implicit: 0, pageLoad: 300000, script: 30000}, unhandledPromptBehavior: dismiss and notify, webauthn:extension:credBlob: true, webauthn:extension:largeBlob: true, webauthn:extension:minPinLength: true, webauthn:extension:prf: true, webauthn:virtualAuthenticators: true}
Session ID: 9b4a7c0647ebc6817237868e43256832
at org.openqa.selenium.remote.codec.w3c.W3CHttpResponseCodec.createException(W3CHttpResponseCodec.java:200)
at org.openqa.selenium.remote.codec.w3c.W3CHttpResponseCodec.decode(W3CHttpResponseCodec.java:133)
at org.openqa.selenium.remote.codec.w3c.W3CHttpResponseCodec.decode(W3CHttpResponseCodec.java:52)
at org.openqa.selenium.remote.HttpCommandExecutor.execute(HttpCommandExecutor.java:191)
at org.openqa.selenium.remote.service.DriverCommandExecutor.invokeExecute(DriverCommandExecutor.java:200)
at org.openqa.selenium.remote.service.DriverCommandExecutor.execute(DriverCommandExecutor.java:175)
at org.openqa.selenium.remote.RemoteWebDriver.execute(RemoteWebDriver.java:607)
at org.openqa.selenium.remote.ElementLocation$ElementFinder$2.findElement(ElementLocation.java:165)
at org.openqa.selenium.remote.ElementLocation.findElement(ElementLocation.java:59)
at org.openqa.selenium.remote.RemoteWebDriver.findElement(RemoteWebDriver.java:364)
at org.openqa.selenium.remote.RemoteWebDriver.findElement(RemoteWebDriver.java:358)
at org.openqa.selenium.support.pagefactory.DefaultElementLocator.findElement(DefaultElementLocator.java:68)
at org.openqa.selenium.support.pagefactory.internal.LocatingElementHandler.invoke(LocatingElementHandler.java:38)
at jdk.proxy2/jdk.proxy2.$Proxy15.isDisplayed(Unknown Source)
at ecomm.Pages.HomePage.verify_footer(HomePage.java:101)
at ecomm.TestCases.HomePageTest.Verify_HomepageFooter(HomePageTest.java:57)
at java.base/java.util.ArrayList.forEach(ArrayList.java:1511)
at java.base/java.util.concurrent.FutureTask.run(FutureTask.java:264)
at java.base/java.util.concurrent.ThreadPoolExecutor.runWorker(ThreadPoolExecutor.java:1136)
at java.base/java.util.concurrent.ThreadPoolExecutor$Worker.run(ThreadPoolExecutor.java:635)
at java.base/java.lang.Thread.run(Thread.java:833)
... Removed 23 stack frames]]>
    </failure>
  </testcase> <!-- Verify_HomepageFooter -->
  <testcase classname="ecomm.TestCases.HomePageTest" name="Verify_user_icon" time="3.946"/>
  <testcase classname="ecomm.TestCases.HomePageTest" name="Verify_SearchFunctionality" time="0.416"/>
</testsuite> <!-- Check Add To Cart Items -->
