<?xml version="1.0" encoding="UTF-8"?>
<!-- Generated by org.testng.reporters.JUnitReportReporter -->
<testsuite hostname="AIPLLAP423" failures="0" tests="6" name="ecomm.TestCases.CheckOutTest" time="20.516" errors="1" timestamp="2024-08-13T14:27:51 IST" skipped="5">
  <testcase classname="ecomm.TestCases.CheckOutTest" name="setup" time="20.516">
    <error message="element click intercepted: Element &lt;button class=&quot;btn btn--tall full-width--mobile&quot;&gt;...&lt;/button&gt; is not clickable at point (448, 521). Other element would receive the click: &lt;div class=&quot;pd-cookie-banner-window cc-window cc-banner cc-type-opt-both cc-theme-wired cc-bottom cc-color-override-186450242 &quot;&gt;...&lt;/div&gt;
  (Session info: chrome=127.0.6533.100)
Build info: version: &#039;4.15.0&#039;, revision: &#039;1d14b5521b&#039;
System info: os.name: &#039;Windows 10&#039;, os.arch: &#039;amd64&#039;, os.version: &#039;10.0&#039;, java.version: &#039;17.0.3&#039;
Driver info: org.openqa.selenium.chrome.ChromeDriver
Command: [d71f8dd0e0628e575018107fe1717fa0, clickElement {id=f.E5496A8BE81499D7EFED20648106FADB.d.72BEADFEA8D3EDFEEDD2AC34634F4966.e.101}]
Capabilities {acceptInsecureCerts: false, browserName: chrome, browserVersion: 127.0.6533.100, chrome: {chromedriverVersion: 127.0.6533.99 (f31af5097d90..., userDataDir: C:\Users\BHAUMI~1.GOH\AppDa...}, fedcm:accounts: true, goog:chromeOptions: {debuggerAddress: localhost:52464}, networkConnectionEnabled: false, pageLoadStrategy: normal, platformName: windows, proxy: Proxy(), se:cdp: ws://localhost:52464/devtoo..., se:cdpVersion: 127.0.6533.100, setWindowRect: true, strictFileInteractability: false, timeouts: {implicit: 0, pageLoad: 300000, script: 30000}, unhandledPromptBehavior: dismiss and notify, webauthn:extension:credBlob: true, webauthn:extension:largeBlob: true, webauthn:extension:minPinLength: true, webauthn:extension:prf: true, webauthn:virtualAuthenticators: true}
Element: [[ChromeDriver: chrome on windows (d71f8dd0e0628e575018107fe1717fa0)] -&gt; xpath: //button[contains(text(),&#039;Login&#039;)]]
Session ID: d71f8dd0e0628e575018107fe1717fa0" type="org.openqa.selenium.ElementClickInterceptedException">
      <![CDATA[org.openqa.selenium.ElementClickInterceptedException: element click intercepted: Element <button class="btn btn--tall full-width--mobile">...</button> is not clickable at point (448, 521). Other element would receive the click: <div class="pd-cookie-banner-window cc-window cc-banner cc-type-opt-both cc-theme-wired cc-bottom cc-color-override-186450242 ">...</div>
  (Session info: chrome=127.0.6533.100)
Build info: version: '4.15.0', revision: '1d14b5521b'
System info: os.name: 'Windows 10', os.arch: 'amd64', os.version: '10.0', java.version: '17.0.3'
Driver info: org.openqa.selenium.chrome.ChromeDriver
Command: [d71f8dd0e0628e575018107fe1717fa0, clickElement {id=f.E5496A8BE81499D7EFED20648106FADB.d.72BEADFEA8D3EDFEEDD2AC34634F4966.e.101}]
Capabilities {acceptInsecureCerts: false, browserName: chrome, browserVersion: 127.0.6533.100, chrome: {chromedriverVersion: 127.0.6533.99 (f31af5097d90..., userDataDir: C:\Users\BHAUMI~1.GOH\AppDa...}, fedcm:accounts: true, goog:chromeOptions: {debuggerAddress: localhost:52464}, networkConnectionEnabled: false, pageLoadStrategy: normal, platformName: windows, proxy: Proxy(), se:cdp: ws://localhost:52464/devtoo..., se:cdpVersion: 127.0.6533.100, setWindowRect: true, strictFileInteractability: false, timeouts: {implicit: 0, pageLoad: 300000, script: 30000}, unhandledPromptBehavior: dismiss and notify, webauthn:extension:credBlob: true, webauthn:extension:largeBlob: true, webauthn:extension:minPinLength: true, webauthn:extension:prf: true, webauthn:virtualAuthenticators: true}
Element: [[ChromeDriver: chrome on windows (d71f8dd0e0628e575018107fe1717fa0)] -> xpath: //button[contains(text(),'Login')]]
Session ID: d71f8dd0e0628e575018107fe1717fa0
at java.base/jdk.internal.reflect.NativeConstructorAccessorImpl.newInstance0(Native Method)
at java.base/jdk.internal.reflect.NativeConstructorAccessorImpl.newInstance(NativeConstructorAccessorImpl.java:77)
at java.base/jdk.internal.reflect.DelegatingConstructorAccessorImpl.newInstance(DelegatingConstructorAccessorImpl.java:45)
at java.base/java.lang.reflect.Constructor.newInstanceWithCaller(Constructor.java:499)
at java.base/java.lang.reflect.Constructor.newInstance(Constructor.java:480)
at org.openqa.selenium.remote.codec.w3c.W3CHttpResponseCodec.createException(W3CHttpResponseCodec.java:200)
at org.openqa.selenium.remote.codec.w3c.W3CHttpResponseCodec.decode(W3CHttpResponseCodec.java:133)
at org.openqa.selenium.remote.codec.w3c.W3CHttpResponseCodec.decode(W3CHttpResponseCodec.java:52)
at org.openqa.selenium.remote.HttpCommandExecutor.execute(HttpCommandExecutor.java:191)
at org.openqa.selenium.remote.service.DriverCommandExecutor.invokeExecute(DriverCommandExecutor.java:200)
at org.openqa.selenium.remote.service.DriverCommandExecutor.execute(DriverCommandExecutor.java:175)
at org.openqa.selenium.remote.RemoteWebDriver.execute(RemoteWebDriver.java:607)
at org.openqa.selenium.remote.RemoteWebElement.execute(RemoteWebElement.java:224)
at org.openqa.selenium.remote.RemoteWebElement.click(RemoteWebElement.java:77)
at java.base/jdk.internal.reflect.NativeMethodAccessorImpl.invoke0(Native Method)
at java.base/jdk.internal.reflect.NativeMethodAccessorImpl.invoke(NativeMethodAccessorImpl.java:77)
at java.base/jdk.internal.reflect.DelegatingMethodAccessorImpl.invoke(DelegatingMethodAccessorImpl.java:43)
at java.base/java.lang.reflect.Method.invoke(Method.java:568)
at org.openqa.selenium.support.pagefactory.internal.LocatingElementHandler.invoke(LocatingElementHandler.java:51)
at jdk.proxy2/jdk.proxy2.$Proxy15.click(Unknown Source)
at ecomm.Pages.LoginPage.Validate_loginfunctionality(LoginPage.java:81)
at ecomm.TestCases.CheckOutTest.setup(CheckOutTest.java:39)
at java.base/jdk.internal.reflect.NativeMethodAccessorImpl.invoke0(Native Method)
at java.base/jdk.internal.reflect.NativeMethodAccessorImpl.invoke(NativeMethodAccessorImpl.java:77)
at java.base/jdk.internal.reflect.DelegatingMethodAccessorImpl.invoke(DelegatingMethodAccessorImpl.java:43)
at java.base/java.lang.reflect.Method.invoke(Method.java:568)
at org.testng.internal.MethodInvocationHelper.invokeMethod(MethodInvocationHelper.java:133)
at org.testng.internal.MethodInvocationHelper.invokeMethodConsideringTimeout(MethodInvocationHelper.java:62)
at org.testng.internal.ConfigInvoker.invokeConfigurationMethod(ConfigInvoker.java:385)
at org.testng.internal.ConfigInvoker.invokeConfigurations(ConfigInvoker.java:321)
at org.testng.internal.TestInvoker.runConfigMethods(TestInvoker.java:700)
at org.testng.internal.TestInvoker.invokeMethod(TestInvoker.java:527)
at org.testng.internal.TestInvoker.invokeTestMethod(TestInvoker.java:173)
at org.testng.internal.MethodRunner.runInSequence(MethodRunner.java:46)
at org.testng.internal.TestInvoker$MethodInvocationAgent.invoke(TestInvoker.java:824)
at org.testng.internal.TestInvoker.invokeTestMethods(TestInvoker.java:146)
at org.testng.internal.TestMethodWorker.invokeTestMethods(TestMethodWorker.java:146)
at org.testng.internal.TestMethodWorker.run(TestMethodWorker.java:128)
at java.base/java.util.ArrayList.forEach(ArrayList.java:1511)
at org.testng.TestRunner.privateRun(TestRunner.java:794)
at org.testng.TestRunner.run(TestRunner.java:596)
at org.testng.SuiteRunner.runTest(SuiteRunner.java:377)
at org.testng.SuiteRunner.access$000(SuiteRunner.java:28)
at org.testng.SuiteRunner$SuiteWorker.run(SuiteRunner.java:418)
at org.testng.internal.thread.ThreadUtil.lambda$execute$0(ThreadUtil.java:64)
at java.base/java.util.concurrent.FutureTask.run(FutureTask.java:264)
at java.base/java.util.concurrent.ThreadPoolExecutor.runWorker(ThreadPoolExecutor.java:1136)
at java.base/java.util.concurrent.ThreadPoolExecutor$Worker.run(ThreadPoolExecutor.java:635)
at java.base/java.lang.Thread.run(Thread.java:833)
]]>
    </error>
  </testcase> <!-- setup -->
  <system-out/>
  <testcase classname="ecomm.TestCases.CheckOutTest" name="Check_Check_Out_Page_Title_Test" time="0.000">
    <skipped/>
  </testcase> <!-- Check_Check_Out_Page_Title_Test -->
  <system-out/>
  <testcase classname="ecomm.TestCases.CheckOutTest" name="CheckOutRequiredFieldValidationTest" time="0.000">
    <skipped/>
  </testcase> <!-- CheckOutRequiredFieldValidationTest -->
  <system-out/>
  <testcase classname="ecomm.TestCases.CheckOutTest" name="VerifyCheckOutFunctionalitywithNagativeValueTest" time="0.000">
    <skipped/>
  </testcase> <!-- VerifyCheckOutFunctionalitywithNagativeValueTest -->
  <system-out/>
  <testcase classname="ecomm.TestCases.CheckOutTest" name="VerifyCheckOutFunctionalitywithNagativeValueTest" time="0.000">
    <skipped/>
  </testcase> <!-- VerifyCheckOutFunctionalitywithNagativeValueTest -->
  <system-out/>
  <testcase classname="ecomm.TestCases.CheckOutTest" name="VerifyCheckOutFunctionalitywithNagativeValueTest" time="0.000">
    <skipped/>
  </testcase> <!-- VerifyCheckOutFunctionalitywithNagativeValueTest -->
  <system-out/>
</testsuite> <!-- ecomm.TestCases.CheckOutTest -->
